[08Jun2024 14:38:42.715] [main/INFO] [cpw.mods.modlauncher.Launcher/MODLAUNCHER]: ModLauncher running: args [--launchTarget, forgeclientuserdev, --version, 20.6.112-beta, --assetIndex, asset-index, --assetsDir, C:\Users\samue\.gradle\caches\minecraft\assets\1.20.6, --gameDir, ., --fml.neoForgeVersion, 20.6.112-beta, --fml.fmlVersion, 3.0.45, --fml.mcVersion, 1.20.6, --fml.neoFormVersion, 20240429.153634]
[08Jun2024 14:38:42.724] [main/INFO] [cpw.mods.modlauncher.Launcher/MODLAUNCHER]: JVM identified as Oracle Corporation OpenJDK 64-Bit Server VM 21.0.2+13-58
[08Jun2024 14:38:42.728] [main/INFO] [cpw.mods.modlauncher.Launcher/MODLAUNCHER]: ModLauncher 11.0.2+main.4612c65f starting: java version 21.0.2 by Oracle Corporation; OS Windows 11 arch amd64 version 10.0
[08Jun2024 14:38:43.178] [main/INFO] [net.neoforged.fml.loading.ImmediateWindowHandler/]: Loading ImmediateWindowProvider fmlearlywindow
[08Jun2024 14:38:43.460] [main/INFO] [EARLYDISPLAY/]: Trying GL version 4.6
[08Jun2024 14:38:43.647] [main/INFO] [EARLYDISPLAY/]: Requested GL version 4.6 got version 4.6
[08Jun2024 14:38:43.756] [main/INFO] [mixin/]: SpongePowered MIXIN Subsystem Version=0.8.5 Source=union:/C:/Users/samue/.gradle/caches/modules-2/files-2.1/net.fabricmc/sponge-mixin/0.13.4+mixin.0.8.5/8adf0cff1795a169141b9e16ad7b9f6e2527a990/sponge-mixin-0.13.4+mixin.0.8.5.jar%23137!/ Service=ModLauncher Env=CLIENT
[08Jun2024 14:38:43.929] [pool-2-thread-1/INFO] [EARLYDISPLAY/]: GL info: NVIDIA GeForce RTX 3060 Ti/PCIe/SSE2 GL version 4.6.0 NVIDIA 552.22, NVIDIA Corporation
[08Jun2024 14:38:44.028] [main/INFO] [net.neoforged.fml.loading.moddiscovery.ModDiscoverer/SCAN]: Found mod file "neoforge-20.6.112-beta.jar" [locator: neoforge devenv provider ([C:\Onedrive Free Coding\Java Minecraft Modding\Forge\Watering Overlay\.gradle\repositories\ng_dummy_ng\net\neoforged\neoforge\20.6.112-beta\neoforge-20.6.112-beta.jar])]
[08Jun2024 14:38:44.046] [main/INFO] [net.neoforged.fml.loading.moddiscovery.ModDiscoverer/SCAN]: Found mod file "neoforge-20.6.112-beta.jar" [locator: neoforge devenv provider ([C:\Onedrive Free Coding\Java Minecraft Modding\Forge\Watering Overlay\.gradle\repositories\ng_dummy_ng\net\neoforged\neoforge\20.6.112-beta\neoforge-20.6.112-beta.jar])]
[08Jun2024 14:38:44.060] [main/INFO] [net.neoforged.fml.loading.moddiscovery.ModDiscoverer/SCAN]: Found mod file "main" [locator: userdev mods and services, reader: mod manifest]
[08Jun2024 14:38:44.072] [main/INFO] [net.neoforged.fml.loading.moddiscovery.ModDiscoverer/SCAN]: Found mod file "neoforge-20.6.112-beta.jar" [locator: userdev mods and services, reader: mod manifest]
[08Jun2024 14:38:44.102] [main/INFO] [net.neoforged.fml.loading.moddiscovery.ModDiscoverer/SCAN]: Found gamelibrary file "mixinextras-neoforge-0.3.5.jar" [locator: userdev mods and services, reader: mod manifest]
[08Jun2024 14:38:44.240] [main/WARN] [net.neoforged.jarjar.selection.JarSelector/]: Attempted to select a dependency jar for JarJar which was passed in as source: mixinextras-neoforge-0.3.5.jar. Using Mod File: C:\Users\samue\.gradle\caches\modules-2\files-2.1\io.github.llamalad7\mixinextras-neoforge\0.3.5\ef3ffcf309dae656517b2f120189b1c9b21737dd\mixinextras-neoforge-0.3.5.jar
[08Jun2024 14:38:44.240] [main/INFO] [net.neoforged.fml.loading.moddiscovery.locators.JarInJarDependencyLocator/]: No dependencies to load found. Skipping!
[08Jun2024 14:38:44.437] [main/INFO] [net.neoforged.fml.loading.FMLServiceProvider/CORE]: Loading coremod script-engine for [neoforge]
[08Jun2024 14:38:46.302] [main/INFO] [cpw.mods.modlauncher.LaunchServiceHandler/MODLAUNCHER]: Launching target 'forgeclientuserdev' with arguments [--version, 20.6.112-beta, --gameDir, ., --assetsDir, C:\Users\samue\.gradle\caches\minecraft\assets\1.20.6, --assetIndex, asset-index]
[08Jun2024 14:38:54.270] [Datafixer Bootstrap/INFO] [com.mojang.datafixers.DataFixerBuilder/]: 225 Datafixer optimizations took 511 milliseconds
[08Jun2024 14:38:57.527] [main/WARN] [net.minecraft.commands.Commands/]: Ambiguity between arguments [teleport, location] and [teleport, destination] with inputs: [0.1 -0.5 .9, 0 0 0]
[08Jun2024 14:38:57.528] [main/WARN] [net.minecraft.commands.Commands/]: Ambiguity between arguments [teleport, location] and [teleport, targets] with inputs: [0.1 -0.5 .9, 0 0 0]
[08Jun2024 14:38:57.531] [main/WARN] [net.minecraft.commands.Commands/]: Ambiguity between arguments [teleport, destination] and [teleport, targets] with inputs: [Player, 0123, @e, dd12be42-52a9-4a91-a8a1-11c01849e498]
[08Jun2024 14:38:57.532] [main/WARN] [net.minecraft.commands.Commands/]: Ambiguity between arguments [teleport, targets] and [teleport, destination] with inputs: [Player, 0123, dd12be42-52a9-4a91-a8a1-11c01849e498]
[08Jun2024 14:38:57.533] [main/WARN] [net.minecraft.commands.Commands/]: Ambiguity between arguments [teleport, targets, location] and [teleport, targets, destination] with inputs: [0.1 -0.5 .9, 0 0 0]
[08Jun2024 14:38:57.695] [Render thread/WARN] [net.minecraft.server.packs.VanillaPackResourcesBuilder/]: Assets URL 'union:/C:/Onedrive%20Free%20Coding/Java%20Minecraft%20Modding/Forge/Watering%20Overlay/.gradle/repositories/ng_dummy_ng/net/neoforged/neoforge/20.6.112-beta/neoforge-20.6.112-beta.jar%23192!/assets/.mcassetsroot' uses unexpected schema
[08Jun2024 14:38:57.695] [Render thread/WARN] [net.minecraft.server.packs.VanillaPackResourcesBuilder/]: Assets URL 'union:/C:/Onedrive%20Free%20Coding/Java%20Minecraft%20Modding/Forge/Watering%20Overlay/.gradle/repositories/ng_dummy_ng/net/neoforged/neoforge/20.6.112-beta/neoforge-20.6.112-beta.jar%23192!/data/.mcassetsroot' uses unexpected schema
[08Jun2024 14:38:57.784] [Render thread/INFO] [com.mojang.authlib.yggdrasil.YggdrasilAuthenticationService/]: Environment: Environment[sessionHost=https://sessionserver.mojang.com, servicesHost=https://api.minecraftservices.com, name=PROD]
[08Jun2024 14:38:57.831] [Render thread/INFO] [net.minecraft.client.Minecraft/]: Setting user: Dev
[08Jun2024 14:38:58.122] [Render thread/INFO] [net.minecraft.client.Minecraft/]: Backend library: LWJGL version 3.3.3+5
[08Jun2024 14:38:58.585] [modloading-worker-0/INFO] [net.neoforged.neoforge.common.NeoForgeMod/NEOFORGE-MOD]: NeoForge mod loading, version 20.6.112-beta, for MC 1.20.6
[08Jun2024 14:38:59.239] [Render thread/INFO] [net.neoforged.neoforge.gametest.GameTestHooks/]: Enabled Gametest Namespaces: []
[08Jun2024 14:38:59.431] [Render thread/INFO] [net.minecraft.server.packs.resources.ReloadableResourceManager/]: Reloading ResourceManager: vanilla, mod_resources, mod/watering_overlay, mod/neoforge
[08Jun2024 14:38:59.655] [Worker-Main-14/INFO] [net.minecraft.client.gui.font.providers.UnihexProvider/]: Found unifont_jp_patch-15.1.04.hex, loading
[08Jun2024 14:38:59.655] [Worker-Main-3/INFO] [net.minecraft.client.gui.font.providers.UnihexProvider/]: Found unifont_all_no_pua-15.1.04.hex, loading
[08Jun2024 14:38:59.868] [Forge Version Check/INFO] [net.neoforged.fml.VersionChecker/]: [watering_overlay] Starting version check at https://raw.githubusercontent.com/cakeGit/Watering-Overlay-Mod/main/update.json
[08Jun2024 14:39:00.367] [Forge Version Check/INFO] [net.neoforged.fml.VersionChecker/]: [watering_overlay] Found status: OUTDATED Current: 0.0.1 Target: 1.20.6-1.0.0
[08Jun2024 14:39:01.165] [Render thread/WARN] [net.minecraft.client.sounds.SoundEngine/]: Missing sound for event: minecraft:item.goat_horn.play
[08Jun2024 14:39:01.165] [Render thread/WARN] [net.minecraft.client.sounds.SoundEngine/]: Missing sound for event: minecraft:entity.goat.screaming.horn_break
[08Jun2024 14:39:01.221] [Render thread/INFO] [com.mojang.blaze3d.audio.Library/]: OpenAL initialized on device OpenAL Soft on Headphones (Sam's Pixel Buds A-Series)
[08Jun2024 14:39:01.225] [Render thread/INFO] [net.minecraft.client.sounds.SoundEngine/SOUNDS]: Sound engine started
[08Jun2024 14:39:01.367] [Render thread/INFO] [net.minecraft.client.renderer.texture.TextureAtlas/]: Created: 1024x512x4 minecraft:textures/atlas/blocks.png-atlas
[08Jun2024 14:39:01.381] [Render thread/INFO] [net.minecraft.client.renderer.texture.TextureAtlas/]: Created: 256x256x4 minecraft:textures/atlas/signs.png-atlas
[08Jun2024 14:39:01.382] [Render thread/INFO] [net.minecraft.client.renderer.texture.TextureAtlas/]: Created: 512x512x4 minecraft:textures/atlas/shield_patterns.png-atlas
[08Jun2024 14:39:01.382] [Render thread/INFO] [net.minecraft.client.renderer.texture.TextureAtlas/]: Created: 512x512x4 minecraft:textures/atlas/banner_patterns.png-atlas
[08Jun2024 14:39:01.383] [Render thread/INFO] [net.minecraft.client.renderer.texture.TextureAtlas/]: Created: 1024x1024x4 minecraft:textures/atlas/armor_trims.png-atlas
[08Jun2024 14:39:01.385] [Render thread/INFO] [net.minecraft.client.renderer.texture.TextureAtlas/]: Created: 128x64x4 minecraft:textures/atlas/decorated_pot.png-atlas
[08Jun2024 14:39:01.385] [Render thread/INFO] [net.minecraft.client.renderer.texture.TextureAtlas/]: Created: 256x256x4 minecraft:textures/atlas/chest.png-atlas
[08Jun2024 14:39:01.386] [Render thread/INFO] [net.minecraft.client.renderer.texture.TextureAtlas/]: Created: 512x256x4 minecraft:textures/atlas/shulker_boxes.png-atlas
[08Jun2024 14:39:01.386] [Render thread/INFO] [net.minecraft.client.renderer.texture.TextureAtlas/]: Created: 512x256x4 minecraft:textures/atlas/beds.png-atlas
[08Jun2024 14:39:02.096] [Render thread/INFO] [net.minecraft.client.renderer.texture.TextureAtlas/]: Created: 512x256x0 minecraft:textures/atlas/particles.png-atlas
[08Jun2024 14:39:02.098] [Render thread/INFO] [net.minecraft.client.renderer.texture.TextureAtlas/]: Created: 256x256x0 minecraft:textures/atlas/paintings.png-atlas
[08Jun2024 14:39:02.099] [Render thread/INFO] [net.minecraft.client.renderer.texture.TextureAtlas/]: Created: 256x128x0 minecraft:textures/atlas/mob_effects.png-atlas
[08Jun2024 14:39:02.099] [Render thread/INFO] [net.minecraft.client.renderer.texture.TextureAtlas/]: Created: 64x64x0 minecraft:textures/atlas/map_decorations.png-atlas
[08Jun2024 14:39:02.099] [Render thread/INFO] [net.minecraft.client.renderer.texture.TextureAtlas/]: Created: 1024x512x0 minecraft:textures/atlas/gui.png-atlas
[08Jun2024 14:39:02.155] [Render thread/WARN] [net.minecraft.client.renderer.ShaderInstance/]: Shader rendertype_entity_translucent_emissive could not find sampler named Sampler2 in the specified shader program.
[08Jun2024 14:39:06.783] [Render thread/INFO] [net.minecraft.world.item.crafting.RecipeManager/]: Loaded 1175 recipes
[08Jun2024 14:39:07.242] [Render thread/INFO] [net.minecraft.advancements.AdvancementTree/]: Loaded 1276 advancements
[08Jun2024 14:39:07.655] [Server thread/INFO] [net.minecraft.client.server.IntegratedServer/]: Starting integrated minecraft server version 1.20.6
[08Jun2024 14:39:07.655] [Server thread/INFO] [net.minecraft.server.MinecraftServer/]: Generating keypair
[08Jun2024 14:39:08.574] [Server thread/INFO] [net.minecraft.server.MinecraftServer/]: Preparing start region for dimension minecraft:overworld
[08Jun2024 14:39:09.274] [progressListener/INFO] [net.minecraft.server.level.progress.LoggerChunkProgressListener/]: Preparing spawn area: 0%
[08Jun2024 14:39:09.274] [progressListener/INFO] [net.minecraft.server.level.progress.LoggerChunkProgressListener/]: Preparing spawn area: 0%
[08Jun2024 14:39:09.582] [progressListener/INFO] [net.minecraft.server.level.progress.LoggerChunkProgressListener/]: Preparing spawn area: 0%
[08Jun2024 14:39:09.963] [Server thread/INFO] [net.neoforged.neoforge.server.permission.PermissionAPI/]: Successfully initialized permission handler neoforge:default_handler
[08Jun2024 14:39:09.968] [progressListener/INFO] [net.minecraft.server.level.progress.LoggerChunkProgressListener/]: Time elapsed: 1392 ms
[08Jun2024 14:39:10.117] [Server thread/INFO] [net.minecraft.client.server.IntegratedServer/]: Changing view distance to 12, from 10
[08Jun2024 14:39:10.117] [Server thread/INFO] [net.minecraft.client.server.IntegratedServer/]: Changing simulation distance to 12, from 0
[08Jun2024 14:39:11.797] [Server thread/INFO] [net.minecraft.server.players.PlayerList/]: Dev[local:E:1bfbdf24] logged in with entity id 70 at (-1.7454786218170635, 64.41377196494213, 23.65926357039224)
[08Jun2024 14:39:11.890] [Server thread/INFO] [net.minecraft.server.MinecraftServer/]: Dev joined the game
[08Jun2024 14:39:12.313] [Render thread/INFO] [net.minecraft.advancements.AdvancementTree/]: Loaded 11 advancements
[08Jun2024 14:39:14.516] [Server thread/INFO] [net.minecraft.client.server.IntegratedServer/]: Saving and pausing game...
[08Jun2024 14:39:14.553] [Server thread/INFO] [net.minecraft.server.MinecraftServer/]: Saving chunks for level 'ServerLevel[New World]'/minecraft:overworld
[08Jun2024 14:39:14.651] [Server thread/INFO] [net.minecraft.server.MinecraftServer/]: Saving chunks for level 'ServerLevel[New World]'/minecraft:the_end
[08Jun2024 14:39:14.672] [Server thread/INFO] [net.minecraft.server.MinecraftServer/]: Saving chunks for level 'ServerLevel[New World]'/minecraft:the_nether
[08Jun2024 14:39:25.139] [Server thread/INFO] [net.minecraft.server.network.ServerGamePacketListenerImpl/]: Dev lost connection: Disconnected
[08Jun2024 14:39:25.140] [Server thread/INFO] [net.minecraft.server.MinecraftServer/]: Dev left the game
[08Jun2024 14:39:25.164] [Server thread/INFO] [net.minecraft.server.network.ServerCommonPacketListenerImpl/]: Stopping singleplayer server as player logged out
[08Jun2024 14:39:25.188] [Server thread/INFO] [net.minecraft.server.MinecraftServer/]: Stopping server
[08Jun2024 14:39:25.189] [Server thread/INFO] [net.minecraft.server.MinecraftServer/]: Saving players
[08Jun2024 14:39:25.189] [Server thread/INFO] [net.minecraft.server.MinecraftServer/]: Saving worlds
[08Jun2024 14:39:26.407] [Server thread/INFO] [net.minecraft.server.MinecraftServer/]: Saving chunks for level 'ServerLevel[New World]'/minecraft:overworld
[08Jun2024 14:39:26.867] [Server thread/INFO] [net.minecraft.server.MinecraftServer/]: Saving chunks for level 'ServerLevel[New World]'/minecraft:the_end
[08Jun2024 14:39:26.874] [Server thread/INFO] [net.minecraft.server.MinecraftServer/]: Saving chunks for level 'ServerLevel[New World]'/minecraft:the_nether
[08Jun2024 14:39:26.892] [Server thread/INFO] [net.minecraft.server.MinecraftServer/]: ThreadedAnvilChunkStorage (New World): All chunks are saved
[08Jun2024 14:39:26.892] [Server thread/INFO] [net.minecraft.server.MinecraftServer/]: ThreadedAnvilChunkStorage (DIM1): All chunks are saved
[08Jun2024 14:39:26.892] [Server thread/INFO] [net.minecraft.server.MinecraftServer/]: ThreadedAnvilChunkStorage (DIM-1): All chunks are saved
[08Jun2024 14:39:26.893] [Server thread/INFO] [net.minecraft.server.MinecraftServer/]: ThreadedAnvilChunkStorage: All dimensions are saved
[08Jun2024 14:39:56.032] [Render thread/INFO] [net.minecraft.client.Minecraft/]: Stopping!
